<?xml version="1.0" encoding="UTF-8"?>
<rss version="2.0">
<channel>
<title>Наука и техника — Рамблер/новости</title>
<link>https://news.rambler.ru</link>
<description>Новости науки и техники в России и мире</description>
<language>ru</language>
<image>
<url>/static/news/i/favicon-news/favicon-96x96.png</url>
<title>Рамблер/новости</title>
<link>https://news.rambler.ru</link>
</image>
<item>
<guid isPermaLink="False">42093950</guid>
<title>Названа причина загадочной аномалии в Антарктиде</title>
<link>https://news.rambler.ru/science/42093950-nazvana-prichina-zagadochnoy-anomalii-v-antarktide/</link>
<pdalink>https://news.rambler.ru/science/42093950-nazvana-prichina-zagadochnoy-anomalii-v-antarktide/</pdalink>
<pubDate>Thu, 25 Apr 2019 10:22:56 +0300</pubDate>
<description>Ученые Нью-Йоркского университета в Абу-Даби определили причину возникновения гигантской полыньи среди льдов, покрывающих Южный океан у берегов Антарктиды, в море Лазарева. Об этом сообщается в пресс-релизе на Phys.org.</description>
<category>Наука</category>
<author>Lenta.ru</author>
</item>
<item>
<guid isPermaLink="False">42093821</guid>
<title>Новосибирские ученые создадут систему отопления на солнечной энергии</title>
<link>https://news.rambler.ru/scitech/42093821-novosibirskie-uchenye-sozdadut-sistemu-otopleniya-na-solnechnoy-energii/</link>
<pdalink>https://news.rambler.ru/scitech/42093821-novosibirskie-uchenye-sozdadut-sistemu-otopleniya-na-solnechnoy-energii/</pdalink>
<pubDate>Thu, 25 Apr 2019 09:59:00 +0300</pubDate>
<description>Как сообщает официальное издание СО РАН «Наука в Сибири», технология позволит накапливать солнечное тепло летом, чтобы зимой с помощью запасов энергии обогревать небольшие дома.</description>
<category>Технологии</category>
<author>Российская Газета</author>
</item>
<item>
<guid isPermaLink="False">42083520</guid>
<title>Математики доказали гипотезу Шелдона из «Теории большого взрыва»</title>
<link>https://news.rambler.ru/science/42083520-matematiki-dokazali-gipotezu-sheldona-iz-teorii-bolshogo-vzryva/</link>
<pdalink>https://news.rambler.ru/science/42083520-matematiki-dokazali-gipotezu-sheldona-iz-teorii-bolshogo-vzryva/</pdalink>
<pubDate>Thu, 25 Apr 2019 09:19:00 +0300</pubDate>
<description>Математики Крис Спайсер и Карл Померанс сумели доказать гипотезу, озвученную в 73-й серии сериала «Теория большого взрыва» персонажем Шелдоном Купером.</description>
<category>Наука</category>
<author>РИА «ФедералПресс»</author>
</item>
<item>
<guid isPermaLink="False">42092918</guid>
<title>LG прекратит производство смартфонов в Южной Корее</title>
<link>https://news.rambler.ru/tech/42092918-lg-prekratit-proizvodstvo-smartfonov-v-yuzhnoy-koree/</link>
<pdalink>https://news.rambler.ru/tech/42092918-lg-prekratit-proizvodstvo-smartfonov-v-yuzhnoy-koree/</pdalink>
<pubDate>Thu, 25 Apr 2019 09:09:49 +0300</pubDate>
<description>Южнокорейская компания Компания LG Electronics хочет прекратить производство смартфонов в Южной Корее, сообщает телеканал KBS.</description>
<category>Наука и техника</category>
<author>Прайм</author>
</item>
<item>
<guid isPermaLink="False">42093074</guid>
<title>Новый вид моли нашли в Красноярске</title>
<link>https://news.rambler.ru/tech/42093074-novyy-vid-moli-nashli-v-krasnoyarske/</link>
<pdalink>https://news.rambler.ru/tech/42093074-novyy-vid-moli-nashli-v-krasnoyarske/</pdalink>
<pubDate>Thu, 25 Apr 2019 08:19:00 +0300</pubDate>
<description>Сибирские учёные обнаружили новый вид моли и назвали его в честь отца одной из исследовательниц. Об этом сообщает пресс-служба Красноярского научного центра Сибирского отделения РАН.</description>
<category>Наука и техника</category>
<author>News.ru</author>
</item>
<item>
<guid isPermaLink="False">42092165</guid>
<title>В Индонезии обнаружили два новых вида птиц</title>
<link>https://news.rambler.ru/tech/42092165-v-indonezii-obnaruzhili-dva-novyh-vida-ptits/</link>
<pdalink>https://news.rambler.ru/tech/42092165-v-indonezii-obnaruzhili-dva-novyh-vida-ptits/</pdalink>
<pubDate>Wed, 24 Apr 2019 22:25:30 +0300</pubDate>
<description>Орнитологи открыли два новых вида птиц на островах индонезийского архипелага Вакатоби. Об этом сообщается в статье, опубликованной в Зоологическом журнале Лондонского Линнеевского общества.</description>
<category>Наука и техника</category>
<author>RT на русском</author>
</item>
<item>
<guid isPermaLink="False">42084944</guid>
<title>Boeing выловил Starliner из воды</title>
<link>https://news.rambler.ru/tech/42084944-boeing-vylovil-starliner-iz-vody/</link>
<pdalink>https://news.rambler.ru/tech/42084944-boeing-vylovil-starliner-iz-vody/</pdalink>
<pubDate>Wed, 24 Apr 2019 20:47:32 +0300</pubDate>
<description>Компания Boeing провела испытания, в ходе которых имитировалось спасение пилотируемого космического корабля Starliner из воды в сложных погодных условиях. Соответствующее видео размещено в Twitter.</description>
<category>Наука и техника</category>
<author>Lenta.ru</author>
</item>
<item>
<guid isPermaLink="False">42092334</guid>
<title>В Москве открылась Российская неделя высоких технологий</title>
<link>https://news.rambler.ru/moscow_city/42092334-v-moskve-otkrylas-rossiyskaya-nedelya-vysokih-tehnologiy/</link>
<pdalink>https://news.rambler.ru/moscow_city/42092334-v-moskve-otkrylas-rossiyskaya-nedelya-vysokih-tehnologiy/</pdalink>
<pubDate>Wed, 24 Apr 2019 23:32:22 +0300</pubDate>
<description>В выставочном комплексе «Экспоцентр» стартовала Российская неделя высоких технологий (РНВТ).</description>
<category>Новости Москвы</category>
<author>RUБЕЖ</author>
</item>
<item>
<guid isPermaLink="False">42092210</guid>
<title>В школах России может появиться возможность сдачи экзаменов с использованием технологии AR</title>
<link>https://news.rambler.ru/education/42092210-v-shkolah-rossii-mozhet-poyavitsya-vozmozhnost-sdachi-ekzamenov-s-ispolzovaniem-tehnologii-ar/</link>
<pdalink>https://news.rambler.ru/education/42092210-v-shkolah-rossii-mozhet-poyavitsya-vozmozhnost-sdachi-ekzamenov-s-ispolzovaniem-tehnologii-ar/</pdalink>
<pubDate>Wed, 24 Apr 2019 22:40:36 +0300</pubDate>
<description>Возможность сдачи экзаменов по химии с использованием технологии дополненной реальности (AR) может появиться в школах России, сейчас специалисты разрабатывают технологические решения по этому направлению.</description>
<category>Образование</category>
<author>ТАСС</author>
</item>
<item>
<guid isPermaLink="False">42092010</guid>
<title>Роскосмос обнародовал характеристики сверхтяжелых ракет для полетов на Луну</title>
<link>https://news.rambler.ru/tech/42092010-roskosmos-obnarodoval-harakteristiki-sverhtyazhelyh-raket-dlya-poletov-na-lunu/</link>
<pdalink>https://news.rambler.ru/tech/42092010-roskosmos-obnarodoval-harakteristiki-sverhtyazhelyh-raket-dlya-poletov-na-lunu/</pdalink>
<pubDate>Wed, 24 Apr 2019 21:27:32 +0300</pubDate>
<description>Генеральный директор Роскосмоса Дмитрий Рогозин показал главам представительств иностранных государств характеристики российских сверхтяжёлых ракет для полетов на Луну.</description>
<category>Наука и техника</category>
<author>РИА Новости</author>
</item>
</channel>
</rss>